<?xml version="1.0" encoding="UTF-8"?>
<!-- Generated by org.testng.reporters.JUnitReportReporter -->
<testsuite hostname="DESKTOP-OQQJS74" failures="0" tests="1" name="Options.TestRunner" time="11.964" errors="0" timestamp="23 Jul 2019 07:17:02 GMT" skipped="0">
  <testcase classname="Options.TestRunner" name="feature" time="11.964"/>
</testsuite> <!-- Options.TestRunner -->
